<?xml version="1.0" encoding="UTF-8"?>
<testsuite xmlns:xsi="http://www.w3.org/2001/XMLSchema-instance" xsi:noNamespaceSchemaLocation="https://maven.apache.org/surefire/maven-surefire-plugin/xsd/surefire-test-report-3.0.xsd" version="3.0" name="com.educacionit.ApiTest" time="0.094" tests="9" errors="0" skipped="0" failures="0">
  <properties>
[...]
</properties>
  <testcase name="testConcatSegundoParamtroNull" classname="com.educacionit.ApiTest" time="0.021">
    <system-out><![CDATA[19:05:56.448 [main] INFO com.educacionit.ApiTest - El metodo concat anduvo perfecto!!!. Devolvio la Exception El segundo parametro no puede ser null
]]></system-out>
  </testcase>
  <testcase name="testContieneNoContiene" classname="com.educacionit.ApiTest" time="0.003"/>
  <testcase name="agregarElementoTestOk" classname="com.educacionit.ApiTest" time="0.002"/>
  <testcase name="testContieneOk" classname="com.educacionit.ApiTest" time="0.001"/>
  <testcase name="testContieneConListaVacia" classname="com.educacionit.ApiTest" time="0.002"/>
  <testcase name="testConcatOk" classname="com.educacionit.ApiTest" time="0.003"/>
  <testcase name="testSumaPrimerParametroNull" classname="com.educacionit.ApiTest" time="0.0"/>
  <testcase name="testSumaOk" classname="com.educacionit.ApiTest" time="0.001"/>
  <testcase name="testSumaSegundoParametroNull" classname="com.educacionit.ApiTest" time="0.001"/>
</testsuite>